08:08:54.558 [main] INFO  com.read.app.AppApplication - Starting AppApplication on Mac-mini.local with PID 5926 (/Users/alejandroortizpablo/Documents/Development/work/app/target/classes started by alejandroortizpablo in /Users/alejandroortizpablo/Documents/Development/work/app)
08:08:54.562 [main] INFO  com.read.app.AppApplication - No active profile set, falling back to default profiles: default
08:08:56.249 [main] INFO  o.s.b.w.e.tomcat.TomcatWebServer - Tomcat initialized with port(s): 8080 (http)
08:08:56.270 [main] INFO  o.a.coyote.http11.Http11NioProtocol - Initializing ProtocolHandler ["http-nio-8080"]
08:08:56.271 [main] INFO  o.a.catalina.core.StandardService - Starting service [Tomcat]
08:08:56.271 [main] INFO  o.a.catalina.core.StandardEngine - Starting Servlet engine: [Apache Tomcat/9.0.35]
08:08:56.707 [main] INFO  o.a.c.c.C.[Tomcat].[localhost].[/] - Initializing Spring embedded WebApplicationContext
08:08:57.200 [main] INFO  o.s.s.c.ThreadPoolTaskExecutor - Initializing ExecutorService 'applicationTaskExecutor'
08:08:57.454 [main] INFO  o.a.coyote.http11.Http11NioProtocol - Starting ProtocolHandler ["http-nio-8080"]
08:08:57.498 [main] INFO  o.s.b.w.e.tomcat.TomcatWebServer - Tomcat started on port(s): 8080 (http) with context path ''
08:08:57.512 [main] INFO  com.read.app.AppApplication - Started AppApplication in 3.978 seconds (JVM running for 5.185)
08:08:58.055 [main] INFO  com.read.app.App - Configuracion cargada
08:08:58.152 [main] INFO  org.quartz.impl.StdSchedulerFactory - Using default implementation for ThreadExecutor
08:08:58.154 [main] INFO  org.quartz.simpl.SimpleThreadPool - Job execution threads will use class loader of thread: main
08:08:58.165 [main] INFO  o.quartz.core.SchedulerSignalerImpl - Initialized Scheduler Signaller of type: class org.quartz.core.SchedulerSignalerImpl
08:08:58.165 [main] INFO  org.quartz.core.QuartzScheduler - Quartz Scheduler v.2.3.2 created.
08:08:58.166 [main] INFO  org.quartz.simpl.RAMJobStore - RAMJobStore initialized.
08:08:58.166 [main] INFO  org.quartz.core.QuartzScheduler - Scheduler meta-data: Quartz Scheduler (v2.3.2) 'DefaultQuartzScheduler' with instanceId 'NON_CLUSTERED'
  Scheduler class: 'org.quartz.core.QuartzScheduler' - running locally.
  NOT STARTED.
  Currently in standby mode.
  Number of jobs executed: 0
  Using thread pool 'org.quartz.simpl.SimpleThreadPool' - with 10 threads.
  Using job-store 'org.quartz.simpl.RAMJobStore' - which does not support persistence. and is not clustered.

08:08:58.166 [main] INFO  org.quartz.impl.StdSchedulerFactory - Quartz scheduler 'DefaultQuartzScheduler' initialized from default resource file in Quartz package: 'quartz.properties'
08:08:58.166 [main] INFO  org.quartz.impl.StdSchedulerFactory - Quartz scheduler version: 2.3.2
08:08:58.172 [main] INFO  org.quartz.core.QuartzScheduler - Scheduler DefaultQuartzScheduler_$_NON_CLUSTERED started.
08:08:58.172 [main] INFO  c.r.app.schedule.ReadLayoutSchedule - Tarea programada de lectura de layouts iniciada
08:09:27.938 [SpringContextShutdownHook] INFO  o.s.s.c.ThreadPoolTaskExecutor - Shutting down ExecutorService 'applicationTaskExecutor'
